<?xml version="1.0" encoding="UTF-8" ?>
<testsuite failures="0" time="0.665" errors="0" skipped="0" tests="3" name="com.cloudera.hadoop.WordCountTest">
  <properties>
    <property name="java.runtime.name" value="Java(TM) SE Runtime Environment"/>
    <property name="sun.boot.library.path" value="/System/Library/Frameworks/JavaVM.framework/Versions/1.6.0/Libraries"/>
    <property name="java.vm.version" value="14.3-b01-101"/>
    <property name="awt.nativeDoubleBuffering" value="true"/>
    <property name="gopherProxySet" value="false"/>
    <property name="mrj.build" value="10M3025"/>
    <property name="java.vm.vendor" value="Apple Inc."/>
    <property name="java.vendor.url" value="http://www.apple.com/"/>
    <property name="path.separator" value=":"/>
    <property name="java.vm.name" value="Java HotSpot(TM) 64-Bit Server VM"/>
    <property name="file.encoding.pkg" value="sun.io"/>
    <property name="user.country" value="US"/>
    <property name="sun.java.launcher" value="SUN_STANDARD"/>
    <property name="sun.os.patch.level" value="unknown"/>
    <property name="java.vm.specification.name" value="Java Virtual Machine Specification"/>
    <property name="user.dir" value="/Users/patrick/cloudera/cdh-maven/archetypes/hbase-driver"/>
    <property name="java.runtime.version" value="1.6.0_17-b04-248-10M3025"/>
    <property name="java.awt.graphicsenv" value="apple.awt.CGraphicsEnvironment"/>
    <property name="basedir" value="/Users/patrick/cloudera/cdh-maven/archetypes/hbase-driver"/>
    <property name="java.endorsed.dirs" value="/System/Library/Frameworks/JavaVM.framework/Versions/1.6.0/Home/lib/endorsed"/>
    <property name="os.arch" value="x86_64"/>
    <property name="surefire.real.class.path" value="/var/folders/Pi/Pi19SGCfELmREJBPGRKaVU+++TI/-Tmp-/surefirebooter5456246632300403166.jar"/>
    <property name="java.io.tmpdir" value="/var/folders/Pi/Pi19SGCfELmREJBPGRKaVU+++TI/-Tmp-/"/>
    <property name="line.separator" value="
"/>
    <property name="java.vm.specification.vendor" value="Sun Microsystems Inc."/>
    <property name="os.name" value="Mac OS X"/>
    <property name="sun.jnu.encoding" value="MacRoman"/>
    <property name="java.library.path" value=".:/Library/Java/Extensions:/System/Library/Java/Extensions:/usr/lib/java"/>
    <property name="surefire.test.class.path" value="/Users/patrick/cloudera/cdh-maven/archetypes/hbase-driver/target/test-classes:/Users/patrick/cloudera/cdh-maven/archetypes/hbase-driver/target/classes:/Users/patrick/.m2/repository/org/apache/hadoop/hadoop-core/0.20.1-CDH.169.68/hadoop-core-0.20.1-CDH.169.68.jar:/Users/patrick/.m2/repository/commons-cli/commons-cli/1.2/commons-cli-1.2.jar:/Users/patrick/.m2/repository/xmlenc/xmlenc/0.52/xmlenc-0.52.jar:/Users/patrick/.m2/repository/commons-httpclient/commons-httpclient/3.0.1/commons-httpclient-3.0.1.jar:/Users/patrick/.m2/repository/junit/junit/4.8.1/junit-4.8.1.jar:/Users/patrick/.m2/repository/commons-logging/commons-logging/1.0.3/commons-logging-1.0.3.jar:/Users/patrick/.m2/repository/commons-codec/commons-codec/1.3/commons-codec-1.3.jar:/Users/patrick/.m2/repository/commons-net/commons-net/1.4.1/commons-net-1.4.1.jar:/Users/patrick/.m2/repository/oro/oro/2.0.8/oro-2.0.8.jar:/Users/patrick/.m2/repository/org/mortbay/jetty/jetty/6.1.14/jetty-6.1.14.jar:/Users/patrick/.m2/repository/org/mortbay/jetty/jetty-util/6.1.14/jetty-util-6.1.14.jar:/Users/patrick/.m2/repository/org/mortbay/jetty/servlet-api-2.5/6.1.14/servlet-api-2.5-6.1.14.jar:/Users/patrick/.m2/repository/tomcat/jasper-runtime/5.5.12/jasper-runtime-5.5.12.jar:/Users/patrick/.m2/repository/tomcat/jasper-compiler/5.5.12/jasper-compiler-5.5.12.jar:/Users/patrick/.m2/repository/org/mortbay/jetty/jsp-api-2.1/6.1.14/jsp-api-2.1-6.1.14.jar:/Users/patrick/.m2/repository/org/mortbay/jetty/jsp-2.1/6.1.14/jsp-2.1-6.1.14.jar:/Users/patrick/.m2/repository/org/eclipse/jdt/core/3.1.1/core-3.1.1.jar:/Users/patrick/.m2/repository/ant/ant/1.6.5/ant-1.6.5.jar:/Users/patrick/.m2/repository/commons-el/commons-el/1.0/commons-el-1.0.jar:/Users/patrick/.m2/repository/net/java/dev/jets3t/jets3t/0.7.1/jets3t-0.7.1.jar:/Users/patrick/.m2/repository/net/sf/kosmosfs/kfs/0.3/kfs-0.3.jar:/Users/patrick/.m2/repository/hsqldb/hsqldb/1.8.0.10/hsqldb-1.8.0.10.jar:/Users/patrick/.m2/repository/org/apache/hbase/hbase-core/0.20.3-CDH.0/hbase-core-0.20.3-CDH.0.jar:/Users/patrick/.m2/repository/log4j/log4j/1.2.15/log4j-1.2.15.jar:/Users/patrick/.m2/repository/org/apache/hadoop/hadoop-test/0.20.2-CDH.228/hadoop-test-0.20.2-CDH.228.jar:/Users/patrick/.m2/repository/org/apache/ftpserver/ftplet-api/1.0.0/ftplet-api-1.0.0.jar:/Users/patrick/.m2/repository/org/apache/mina/mina-core/2.0.0-M5/mina-core-2.0.0-M5.jar:/Users/patrick/.m2/repository/org/slf4j/slf4j-api/1.5.2/slf4j-api-1.5.2.jar:/Users/patrick/.m2/repository/org/apache/ftpserver/ftpserver-core/1.0.0/ftpserver-core-1.0.0.jar:/Users/patrick/.m2/repository/org/apache/ftpserver/ftpserver-deprecated/1.0.0-M2/ftpserver-deprecated-1.0.0-M2.jar:/Users/patrick/.m2/repository/org/jruby/jruby-complete/1.2.0/jruby-complete-1.2.0.jar:/Users/patrick/.m2/repository/org/apache/hadoop/hadoop-mrunit/0.20.1-CDH.169.68/hadoop-mrunit-0.20.1-CDH.169.68.jar:"/>
    <property name="java.specification.name" value="Java Platform API Specification"/>
    <property name="java.class.version" value="50.0"/>
    <property name="sun.management.compiler" value="HotSpot 64-Bit Server Compiler"/>
    <property name="os.version" value="10.6.3"/>
    <property name="http.nonProxyHosts" value="local|*.local|169.254/16|*.169.254/16"/>
    <property name="user.home" value="/Users/patrick"/>
    <property name="user.timezone" value="America/New_York"/>
    <property name="java.awt.printerjob" value="apple.awt.CPrinterJob"/>
    <property name="java.specification.version" value="1.6"/>
    <property name="file.encoding" value="MacRoman"/>
    <property name="user.name" value="patrick"/>
    <property name="java.class.path" value="/Users/patrick/cloudera/cdh-maven/archetypes/hbase-driver/target/test-classes:/Users/patrick/cloudera/cdh-maven/archetypes/hbase-driver/target/classes:/Users/patrick/.m2/repository/org/apache/hadoop/hadoop-core/0.20.1-CDH.169.68/hadoop-core-0.20.1-CDH.169.68.jar:/Users/patrick/.m2/repository/commons-cli/commons-cli/1.2/commons-cli-1.2.jar:/Users/patrick/.m2/repository/xmlenc/xmlenc/0.52/xmlenc-0.52.jar:/Users/patrick/.m2/repository/commons-httpclient/commons-httpclient/3.0.1/commons-httpclient-3.0.1.jar:/Users/patrick/.m2/repository/junit/junit/4.8.1/junit-4.8.1.jar:/Users/patrick/.m2/repository/commons-logging/commons-logging/1.0.3/commons-logging-1.0.3.jar:/Users/patrick/.m2/repository/commons-codec/commons-codec/1.3/commons-codec-1.3.jar:/Users/patrick/.m2/repository/commons-net/commons-net/1.4.1/commons-net-1.4.1.jar:/Users/patrick/.m2/repository/oro/oro/2.0.8/oro-2.0.8.jar:/Users/patrick/.m2/repository/org/mortbay/jetty/jetty/6.1.14/jetty-6.1.14.jar:/Users/patrick/.m2/repository/org/mortbay/jetty/jetty-util/6.1.14/jetty-util-6.1.14.jar:/Users/patrick/.m2/repository/org/mortbay/jetty/servlet-api-2.5/6.1.14/servlet-api-2.5-6.1.14.jar:/Users/patrick/.m2/repository/tomcat/jasper-runtime/5.5.12/jasper-runtime-5.5.12.jar:/Users/patrick/.m2/repository/tomcat/jasper-compiler/5.5.12/jasper-compiler-5.5.12.jar:/Users/patrick/.m2/repository/org/mortbay/jetty/jsp-api-2.1/6.1.14/jsp-api-2.1-6.1.14.jar:/Users/patrick/.m2/repository/org/mortbay/jetty/jsp-2.1/6.1.14/jsp-2.1-6.1.14.jar:/Users/patrick/.m2/repository/org/eclipse/jdt/core/3.1.1/core-3.1.1.jar:/Users/patrick/.m2/repository/ant/ant/1.6.5/ant-1.6.5.jar:/Users/patrick/.m2/repository/commons-el/commons-el/1.0/commons-el-1.0.jar:/Users/patrick/.m2/repository/net/java/dev/jets3t/jets3t/0.7.1/jets3t-0.7.1.jar:/Users/patrick/.m2/repository/net/sf/kosmosfs/kfs/0.3/kfs-0.3.jar:/Users/patrick/.m2/repository/hsqldb/hsqldb/1.8.0.10/hsqldb-1.8.0.10.jar:/Users/patrick/.m2/repository/org/apache/hbase/hbase-core/0.20.3-CDH.0/hbase-core-0.20.3-CDH.0.jar:/Users/patrick/.m2/repository/log4j/log4j/1.2.15/log4j-1.2.15.jar:/Users/patrick/.m2/repository/org/apache/hadoop/hadoop-test/0.20.2-CDH.228/hadoop-test-0.20.2-CDH.228.jar:/Users/patrick/.m2/repository/org/apache/ftpserver/ftplet-api/1.0.0/ftplet-api-1.0.0.jar:/Users/patrick/.m2/repository/org/apache/mina/mina-core/2.0.0-M5/mina-core-2.0.0-M5.jar:/Users/patrick/.m2/repository/org/slf4j/slf4j-api/1.5.2/slf4j-api-1.5.2.jar:/Users/patrick/.m2/repository/org/apache/ftpserver/ftpserver-core/1.0.0/ftpserver-core-1.0.0.jar:/Users/patrick/.m2/repository/org/apache/ftpserver/ftpserver-deprecated/1.0.0-M2/ftpserver-deprecated-1.0.0-M2.jar:/Users/patrick/.m2/repository/org/jruby/jruby-complete/1.2.0/jruby-complete-1.2.0.jar:/Users/patrick/.m2/repository/org/apache/hadoop/hadoop-mrunit/0.20.1-CDH.169.68/hadoop-mrunit-0.20.1-CDH.169.68.jar:"/>
    <property name="java.vm.specification.version" value="1.0"/>
    <property name="sun.arch.data.model" value="64"/>
    <property name="java.home" value="/System/Library/Frameworks/JavaVM.framework/Versions/1.6.0/Home"/>
    <property name="java.specification.vendor" value="Sun Microsystems Inc."/>
    <property name="user.language" value="en"/>
    <property name="awt.toolkit" value="apple.awt.CToolkit"/>
    <property name="java.vm.info" value="mixed mode"/>
    <property name="java.version" value="1.6.0_17"/>
    <property name="java.ext.dirs" value="/Library/Java/Extensions:/System/Library/Java/Extensions:/System/Library/Frameworks/JavaVM.framework/Versions/1.6.0/Home/lib/ext"/>
    <property name="sun.boot.class.path" value="/System/Library/Frameworks/JavaVM.framework/Versions/1.6.0/Classes/jsfd.jar:/System/Library/Frameworks/JavaVM.framework/Versions/1.6.0/Classes/classes.jar:/System/Library/Frameworks/JavaVM.framework/Frameworks/JavaRuntimeSupport.framework/Resources/Java/JavaRuntimeSupport.jar:/System/Library/Frameworks/JavaVM.framework/Versions/1.6.0/Classes/ui.jar:/System/Library/Frameworks/JavaVM.framework/Versions/1.6.0/Classes/laf.jar:/System/Library/Frameworks/JavaVM.framework/Versions/1.6.0/Classes/sunrsasign.jar:/System/Library/Frameworks/JavaVM.framework/Versions/1.6.0/Classes/jsse.jar:/System/Library/Frameworks/JavaVM.framework/Versions/1.6.0/Classes/jce.jar:/System/Library/Frameworks/JavaVM.framework/Versions/1.6.0/Classes/charsets.jar"/>
    <property name="java.vendor" value="Apple Inc."/>
    <property name="localRepository" value="/Users/patrick/.m2/repository"/>
    <property name="file.separator" value="/"/>
    <property name="java.vendor.url.bug" value="http://bugreport.apple.com/"/>
    <property name="sun.cpu.endian" value="little"/>
    <property name="sun.io.unicode.encoding" value="UnicodeLittle"/>
    <property name="mrj.version" value="1060.1.6.0_17-248"/>
    <property name="socksNonProxyHosts" value="local|*.local|169.254/16|*.169.254/16"/>
    <property name="ftp.nonProxyHosts" value="local|*.local|169.254/16|*.169.254/16"/>
    <property name="sun.cpu.isalist" value=""/>
  </properties>
  <testcase time="0.139" classname="com.cloudera.hadoop.WordCountTest" name="testMapper"/>
  <testcase time="0.103" classname="com.cloudera.hadoop.WordCountTest" name="testReducer"/>
  <testcase time="0.421" classname="com.cloudera.hadoop.WordCountTest" name="testMapReduce"/>
</testsuite>